
                                      ARENA Simulation Results
                                          1923437477@qq.com

                                  Summary for Replication 1 of 5

Project: Unnamed Project                                             Run execution date : 4/28/2025
Analyst: 1923437477@qq.com                                           Model revision date: 4/28/2025

Replication ended at time      : 10000.0 Minutes 
Statistics were cleared at time: 1000.0 Minutes (Monday, April 28, 2025, 16:40:00)
Statistics accumulated for time: 9000.0 Minutes
Base Time Units: Minutes

                                           TALLY VARIABLES

Identifier                                  Average   Half Width  Minimum    Maximum   Observations
___________________________________________________________________________________________________

Part.VATime                                 1.0527     (Corr)     .34247     1.7845       5993    
Part.NVATime                                .00000     .00000     .00000     .00000       5993    
Part.WaitTime                               .02313     .00345     .00000     1.0621       5993    
Part.TranTime                               .00000     .00000     .00000     .00000       5993    
Part.OtherTime                              .00000     .00000     .00000     .00000       5993    
Part.TotalTime                              1.0758     .00746     .34247     2.2151       5993    
Process 3.Queue.WaitingTime                 .02313     .00349     .00000     1.0621       5993    

                                     DISCRETE-CHANGE VARIABLES

Identifier                                  Average   Half Width  Minimum    Maximum   Final Value
___________________________________________________________________________________________________

Part.WIP                                    .71642     .00569     .00000     2.0000     1.0000    
Resource 1.NumberBusy                       .70101     .00428     .00000     1.0000     1.0000    
Resource 1.NumberScheduled                  1.0000     (Insuf)    1.0000     1.0000     1.0000    
Resource 1.Utilization                      .70101     .00428     .00000     1.0000     1.0000    
Process 3.Queue.NumberInQueue               .01541     .00210     .00000     1.0000     .00000    

                                             OUTPUTS

Identifier                                   Value
_____________________________________________________________

Part.NumberIn                               5993.0    
Part.NumberOut                              5993.0    
Resource 1.NumberSeized                     5993.0    
Resource 1.ScheduledUtilization             .70101    
System.NumberOut                            5993.0    

Beginning replication 2 of 5

                                      ARENA Simulation Results
                                          1923437477@qq.com

                                  Summary for Replication 2 of 5

Project: Unnamed Project                                             Run execution date : 4/28/2025
Analyst: 1923437477@qq.com                                           Model revision date: 4/28/2025

Replication ended at time      : 10000.0 Minutes 
Statistics were cleared at time: 1000.0 Minutes (Monday, April 28, 2025, 16:40:00)
Statistics accumulated for time: 9000.0 Minutes
Base Time Units: Minutes

                                           TALLY VARIABLES

Identifier                                  Average   Half Width  Minimum    Maximum   Observations
___________________________________________________________________________________________________

Part.VATime                                 1.0536     .00485     .26630     1.8077       5989    
Part.NVATime                                .00000     .00000     .00000     .00000       5989    
Part.WaitTime                               .02310     .00303     .00000     1.1158       5989    
Part.TranTime                               .00000     .00000     .00000     .00000       5989    
Part.OtherTime                              .00000     .00000     .00000     .00000       5989    
Part.TotalTime                              1.0767     .00578     .26630     2.1270       5989    
Process 3.Queue.WaitingTime                 .02310     .00292     .00000     1.1158       5989    

                                     DISCRETE-CHANGE VARIABLES

Identifier                                  Average   Half Width  Minimum    Maximum   Final Value
___________________________________________________________________________________________________

Part.WIP                                    .71653     .00600     .00000     2.0000     1.0000    
Resource 1.NumberBusy                       .70115     .00466     .00000     1.0000     1.0000    
Resource 1.NumberScheduled                  1.0000     (Insuf)    1.0000     1.0000     1.0000    
Resource 1.Utilization                      .70115     .00466     .00000     1.0000     1.0000    
Process 3.Queue.NumberInQueue               .01537     .00187     .00000     1.0000     .00000    

                                             OUTPUTS

Identifier                                   Value
_____________________________________________________________

Part.NumberIn                               5989.0    
Part.NumberOut                              5989.0    
Resource 1.NumberSeized                     5989.0    
Resource 1.ScheduledUtilization             .70115    
System.NumberOut                            5989.0    

Beginning replication 3 of 5

                                      ARENA Simulation Results
                                          1923437477@qq.com

                                  Summary for Replication 3 of 5

Project: Unnamed Project                                             Run execution date : 4/28/2025
Analyst: 1923437477@qq.com                                           Model revision date: 4/28/2025

Replication ended at time      : 10000.0 Minutes 
Statistics were cleared at time: 1000.0 Minutes (Monday, April 28, 2025, 16:40:00)
Statistics accumulated for time: 9000.0 Minutes
Base Time Units: Minutes

                                           TALLY VARIABLES

Identifier                                  Average   Half Width  Minimum    Maximum   Observations
___________________________________________________________________________________________________

Part.VATime                                 1.0515     .00504     .36376     1.7219       6014    
Part.NVATime                                .00000     .00000     .00000     .00000       6014    
Part.WaitTime                               .02339     .00256     .00000     .86347       6014    
Part.TranTime                               .00000     .00000     .00000     .00000       6014    
Part.OtherTime                              .00000     .00000     .00000     .00000       6014    
Part.TotalTime                              1.0749     .00664     .36376     2.2248       6014    
Process 3.Queue.WaitingTime                 .02339     .00256     .00000     .86347       6014    

                                     DISCRETE-CHANGE VARIABLES

Identifier                                  Average   Half Width  Minimum    Maximum   Final Value
___________________________________________________________________________________________________

Part.WIP                                    .71831     .00636     .00000     2.0000     1.0000    
Resource 1.NumberBusy                       .70268     .00483     .00000     1.0000     1.0000    
Resource 1.NumberScheduled                  1.0000     (Insuf)    1.0000     1.0000     1.0000    
Resource 1.Utilization                      .70268     .00483     .00000     1.0000     1.0000    
Process 3.Queue.NumberInQueue               .01563     .00194     .00000     1.0000     .00000    

                                             OUTPUTS

Identifier                                   Value
_____________________________________________________________

Part.NumberIn                               6014.0    
Part.NumberOut                              6014.0    
Resource 1.NumberSeized                     6014.0    
Resource 1.ScheduledUtilization             .70268    
System.NumberOut                            6014.0    

Beginning replication 4 of 5

                                      ARENA Simulation Results
                                          1923437477@qq.com

                                  Summary for Replication 4 of 5

Project: Unnamed Project                                             Run execution date : 4/28/2025
Analyst: 1923437477@qq.com                                           Model revision date: 4/28/2025

Replication ended at time      : 10000.0 Minutes 
Statistics were cleared at time: 1000.0 Minutes (Monday, April 28, 2025, 16:40:00)
Statistics accumulated for time: 9000.0 Minutes
Base Time Units: Minutes

                                           TALLY VARIABLES

Identifier                                  Average   Half Width  Minimum    Maximum   Observations
___________________________________________________________________________________________________

Part.VATime                                 1.0565     .00488     .22719     1.7992       5985    
Part.NVATime                                .00000     .00000     .00000     .00000       5985    
Part.WaitTime                               .02450     .00290     .00000     .87656       5985    
Part.TranTime                               .00000     .00000     .00000     .00000       5985    
Part.OtherTime                              .00000     .00000     .00000     .00000       5985    
Part.TotalTime                              1.0810     .00517     .22719     2.3024       5985    
Process 3.Queue.WaitingTime                 .02450     .00290     .00000     .87656       5985    

                                     DISCRETE-CHANGE VARIABLES

Identifier                                  Average   Half Width  Minimum    Maximum   Final Value
___________________________________________________________________________________________________

Part.WIP                                    .71898     .00632     .00000     2.0000     1.0000    
Resource 1.NumberBusy                       .70268     .00520     .00000     1.0000     1.0000    
Resource 1.NumberScheduled                  1.0000     (Insuf)    1.0000     1.0000     1.0000    
Resource 1.Utilization                      .70268     .00520     .00000     1.0000     1.0000    
Process 3.Queue.NumberInQueue               .01629     .00189     .00000     1.0000     .00000    

                                             OUTPUTS

Identifier                                   Value
_____________________________________________________________

Part.NumberIn                               5985.0    
Part.NumberOut                              5985.0    
Resource 1.NumberSeized                     5985.0    
Resource 1.ScheduledUtilization             .70268    
System.NumberOut                            5985.0    

Beginning replication 5 of 5

                                      ARENA Simulation Results
                                          1923437477@qq.com

                                  Summary for Replication 5 of 5

Project: Unnamed Project                                             Run execution date : 4/28/2025
Analyst: 1923437477@qq.com                                           Model revision date: 4/28/2025

Replication ended at time      : 10000.0 Minutes 
Statistics were cleared at time: 1000.0 Minutes (Monday, April 28, 2025, 16:40:00)
Statistics accumulated for time: 9000.0 Minutes
Base Time Units: Minutes

                                           TALLY VARIABLES

Identifier                                  Average   Half Width  Minimum    Maximum   Observations
___________________________________________________________________________________________________

Part.VATime                                 1.0481     .00527     .31080     1.7932       5991    
Part.NVATime                                .00000     .00000     .00000     .00000       5991    
Part.WaitTime                               .02299     .00308     .00000     .91080       5991    
Part.TranTime                               .00000     .00000     .00000     .00000       5991    
Part.OtherTime                              .00000     .00000     .00000     .00000       5991    
Part.TotalTime                              1.0711     .00774     .31080     2.2496       5991    
Process 3.Queue.WaitingTime                 .02300     .00306     .00000     .91080       5991    

                                     DISCRETE-CHANGE VARIABLES

Identifier                                  Average   Half Width  Minimum    Maximum   Final Value
___________________________________________________________________________________________________

Part.WIP                                    .71310     .00672     .00000     2.0000     1.0000    
Resource 1.NumberBusy                       .69778     .00535     .00000     1.0000     1.0000    
Resource 1.NumberScheduled                  1.0000     (Insuf)    1.0000     1.0000     1.0000    
Resource 1.Utilization                      .69778     .00535     .00000     1.0000     1.0000    
Process 3.Queue.NumberInQueue               .01531     .00180     .00000     1.0000     .00000    

                                             OUTPUTS

Identifier                                   Value
_____________________________________________________________

Part.NumberIn                               5991.0    
Part.NumberOut                              5991.0    
Resource 1.NumberSeized                     5991.0    
Resource 1.ScheduledUtilization             .69778    
System.NumberOut                            5991.0    


                                      ARENA Simulation Results
                                          1923437477@qq.com

                                  Output Summary for 5 Replications

Project: Unnamed Project                                             Run execution date : 4/28/2025
Analyst: 1923437477@qq.com                                           Model revision date: 4/28/2025


                                             OUTPUTS

Identifier                                 Average    Half-width Minimum    Maximum # Replications
___________________________________________________________________________________________________

Part.NumberIn                               5994.4     14.089     5985.0     6014.0     5
Part.NumberOut                              5994.4     14.089     5985.0     6014.0     5
Resource 1.NumberSeized                     5994.4     14.089     5985.0     6014.0     5
Resource 1.ScheduledUtilization             .70106     .00248     .69778     .70268     5
System.NumberOut                            5994.4     14.089     5985.0     6014.0     5

Simulation run time: 0.02 minutes.
Simulation run complete.
