
                                      ARENA Simulation Results
                                          1923437477@qq.com

                                  Summary for Replication 1 of 1

Project: Unnamed Project                                             Run execution date : 4/25/2025
Analyst: 1923437477@qq.com                                           Model revision date: 4/25/2025

Replication ended at time      : 10000.0 Minutes 
Statistics were cleared at time: 1000.0 Minutes (Friday, April 25, 2025, 16:40:00)
Statistics accumulated for time: 9000.0 Minutes
Base Time Units: Minutes

                                           TALLY VARIABLES

Identifier                                  Average   Half Width  Minimum    Maximum   Observations
___________________________________________________________________________________________________

Tally 1                                     5324.6     (Insuf)    1025.3     9943.1        148    
Entity 1.VATime                             129.84     (Insuf)    72.561     315.28        148    
Entity 1.NVATime                            .00000     (Insuf)    .00000     .00000        148    
Entity 1.WaitTime                           .00000     (Insuf)    .00000     .00000        148    
Entity 1.TranTime                           .00000     (Insuf)    .00000     .00000        148    
Entity 1.OtherTime                          .00000     (Insuf)    .00000     .00000        148    
Entity 1.TotalTime                          129.84     (Insuf)    72.561     315.28        148    

                                     DISCRETE-CHANGE VARIABLES

Identifier                                  Average   Half Width  Minimum    Maximum   Final Value
___________________________________________________________________________________________________

Entity 1.WIP                                2.1180     (Insuf)    .00000     6.0000     1.0000    

                                             COUNTERS

Identifier                                    Count   Limit
_____________________________________________________________

ReWorkNumberAvg                                  29  Infinite

                                             OUTPUTS

Identifier                                   Value
_____________________________________________________________

Entity 1.NumberIn                           145.00    
Entity 1.NumberOut                          148.00    
System.NumberOut                            148.00    


Simulation run time: 0.02 minutes.
Simulation run complete.
