
                                      ARENA Simulation Results
                                          1923437477@qq.com

                                  Summary for Replication 1 of 5

Project: Unnamed Project                                             Run execution date : 5/ 6/2025
Analyst: 1923437477@qq.com                                           Model revision date: 5/ 6/2025

Replication ended at time      : 1440.0 Minutes 
Statistics were cleared at time: 100.0 Minutes (Tuesday, May 06, 2025, 01:40:00)
Statistics accumulated for time: 1340.0 Minutes
Base Time Units: Minutes

                                           TALLY VARIABLES

Identifier                                  Average   Half Width  Minimum    Maximum   Observations
___________________________________________________________________________________________________

Part.VATime                                 7.6279     (Insuf)    .00000     38.981        250    
Part.NVATime                                .00000     (Insuf)    .00000     .00000        250    
Part.WaitTime                               48.960     (Insuf)    .00000     284.30        250    
Part.TranTime                               .00000     (Insuf)    .00000     .00000        250    
Part.OtherTime                              .00000     (Insuf)    .00000     .00000        250    
Part.TotalTime                              56.587     (Insuf)    .00000     321.43        250    
Process 8.Queue.WaitingTime                 .00000     (Insuf)    .00000     .00000        137    
M1.Queue.WaitingTime                        89.858     (Insuf)    56.797     109.10         34    
M3.Queue.WaitingTime                        89.641     (Insuf)    61.156     101.96         35    
M2.Queue.WaitingTime                        90.704     (Insuf)    67.911     104.88         29    
M4.Queue.WaitingTime                        89.890     (Insuf)    58.622     107.87         39    

                                     DISCRETE-CHANGE VARIABLES

Identifier                                  Average   Half Width  Minimum    Maximum   Final Value
___________________________________________________________________________________________________

Part.WIP                                    10.680     (Insuf)    6.0000     13.000     12.000    
Machine.NumberBusy                          1.0000     (Insuf)    .00000     1.0000     1.0000    
Machine.NumberScheduled                     1.0000     (Insuf)    1.0000     1.0000     1.0000    
Machine.Utilization                         1.0000     (Insuf)    .00000     1.0000     1.0000    
InspectionResource.NumberBusy               .40754     (Insuf)    .00000     1.0000     1.0000    
InspectionResource.NumberScheduled          1.0000     (Insuf)    1.0000     1.0000     1.0000    
InspectionResource.Utilization              .40754     (Insuf)    .00000     1.0000     1.0000    
Process 8.Queue.NumberInQueue               .00000     (Insuf)    .00000     .00000     .00000    
M1.Queue.NumberInQueue                      2.4022     (Insuf)    .00000     6.0000     4.0000    
M3.Queue.NumberInQueue                      2.3557     (Insuf)    .00000     5.0000     2.0000    
M2.Queue.NumberInQueue                      1.9231     (Insuf)    .00000     6.0000     2.0000    
M4.Queue.NumberInQueue                      2.5915     (Insuf)    .00000     5.0000     2.0000    

                                             COUNTERS

Identifier                                    Count   Limit
_____________________________________________________________

FailCount                                        17  Infinite
SuccessCount                                     91  Infinite

                                             OUTPUTS

Identifier                                   Value
_____________________________________________________________

Part.NumberIn                               251.00    
Part.NumberOut                              250.00    
Machine.NumberSeized                        137.00    
Machine.ScheduledUtilization                1.0000    
InspectionResource.NumberSeized             137.00    
InspectionResource.ScheduledUtilization     .40754    
System.NumberOut                            250.00    

Beginning replication 2 of 5

                                      ARENA Simulation Results
                                          1923437477@qq.com

                                  Summary for Replication 2 of 5

Project: Unnamed Project                                             Run execution date : 5/ 6/2025
Analyst: 1923437477@qq.com                                           Model revision date: 5/ 6/2025

Replication ended at time      : 1440.0 Minutes 
Statistics were cleared at time: 100.0 Minutes (Tuesday, May 06, 2025, 01:40:00)
Statistics accumulated for time: 1340.0 Minutes
Base Time Units: Minutes

                                           TALLY VARIABLES

Identifier                                  Average   Half Width  Minimum    Maximum   Observations
___________________________________________________________________________________________________

Part.VATime                                 7.1474     (Insuf)    .00000     39.971        264    
Part.NVATime                                .00000     (Insuf)    .00000     .00000        264    
Part.WaitTime                               46.446     (Insuf)    .00000     287.33        264    
Part.TranTime                               .00000     (Insuf)    .00000     .00000        264    
Part.OtherTime                              .00000     (Insuf)    .00000     .00000        264    
Part.TotalTime                              53.594     (Insuf)    .00000     322.83        264    
Process 8.Queue.WaitingTime                 .00000     (Insuf)    .00000     .00000        135    
M1.Queue.WaitingTime                        93.086     (Insuf)    78.260     109.20         31    
M3.Queue.WaitingTime                        90.434     (Insuf)    64.844     107.84         39    
M2.Queue.WaitingTime                        92.155     (Insuf)    76.449     109.97         37    
M4.Queue.WaitingTime                        91.282     (Insuf)    74.338     112.95         28    

                                     DISCRETE-CHANGE VARIABLES

Identifier                                  Average   Half Width  Minimum    Maximum   Final Value
___________________________________________________________________________________________________

Part.WIP                                    10.783     (Insuf)    8.0000     13.000     10.000    
Machine.NumberBusy                          1.0000     (Insuf)    .00000     1.0000     1.0000    
Machine.NumberScheduled                     1.0000     (Insuf)    1.0000     1.0000     1.0000    
Machine.Utilization                         1.0000     (Insuf)    .00000     1.0000     1.0000    
InspectionResource.NumberBusy               .40467     (Insuf)    .00000     1.0000     .00000    
InspectionResource.NumberScheduled          1.0000     (Insuf)    1.0000     1.0000     1.0000    
InspectionResource.Utilization              .40467     (Insuf)    .00000     1.0000     .00000    
Process 8.Queue.NumberInQueue               .00000     (Insuf)    .00000     .00000     .00000    
M1.Queue.NumberInQueue                      2.2832     (Insuf)    .00000     5.0000     4.0000    
M3.Queue.NumberInQueue                      2.4722     (Insuf)    .00000     7.0000     .00000    
M2.Queue.NumberInQueue                      2.6673     (Insuf)    .00000     6.0000     3.0000    
M4.Queue.NumberInQueue                      1.9558     (Insuf)    .00000     5.0000     2.0000    

                                             COUNTERS

Identifier                                    Count   Limit
_____________________________________________________________

FailCount                                        20  Infinite
SuccessCount                                     90  Infinite

                                             OUTPUTS

Identifier                                   Value
_____________________________________________________________

Part.NumberIn                               264.00    
Part.NumberOut                              264.00    
Machine.NumberSeized                        135.00    
Machine.ScheduledUtilization                1.0000    
InspectionResource.NumberSeized             135.00    
InspectionResource.ScheduledUtilization     .40467    
System.NumberOut                            264.00    

Beginning replication 3 of 5

                                      ARENA Simulation Results
                                          1923437477@qq.com

                                  Summary for Replication 3 of 5

Project: Unnamed Project                                             Run execution date : 5/ 6/2025
Analyst: 1923437477@qq.com                                           Model revision date: 5/ 6/2025

Replication ended at time      : 1440.0 Minutes 
Statistics were cleared at time: 100.0 Minutes (Tuesday, May 06, 2025, 01:40:00)
Statistics accumulated for time: 1340.0 Minutes
Base Time Units: Minutes

                                           TALLY VARIABLES

Identifier                                  Average   Half Width  Minimum    Maximum   Observations
___________________________________________________________________________________________________

Part.VATime                                 6.8645     (Insuf)    .00000     46.649        272    
Part.NVATime                                .00000     (Insuf)    .00000     .00000        272    
Part.WaitTime                               45.833     (Insuf)    .00000     274.98        272    
Part.TranTime                               .00000     (Insuf)    .00000     .00000        272    
Part.OtherTime                              .00000     (Insuf)    .00000     .00000        272    
Part.TotalTime                              52.697     (Insuf)    .00000     320.36        272    
Process 8.Queue.WaitingTime                 .00000     (Insuf)    .00000     .00000        135    
M1.Queue.WaitingTime                        93.304     (Insuf)    69.910     104.36         41    
M3.Queue.WaitingTime                        93.448     (Insuf)    76.939     109.45         32    
M2.Queue.WaitingTime                        94.357     (Insuf)    73.529     109.49         30    
M4.Queue.WaitingTime                        92.623     (Insuf)    69.154     108.07         32    

                                     DISCRETE-CHANGE VARIABLES

Identifier                                  Average   Half Width  Minimum    Maximum   Final Value
___________________________________________________________________________________________________

Part.WIP                                    10.884     (Insuf)    9.0000     13.000     11.000    
Machine.NumberBusy                          1.0000     (Insuf)    .00000     1.0000     1.0000    
Machine.NumberScheduled                     1.0000     (Insuf)    1.0000     1.0000     1.0000    
Machine.Utilization                         1.0000     (Insuf)    .00000     1.0000     1.0000    
InspectionResource.NumberBusy               .40362     (Insuf)    .00000     1.0000     .00000    
InspectionResource.NumberScheduled          1.0000     (Insuf)    1.0000     1.0000     1.0000    
InspectionResource.Utilization              .40362     (Insuf)    .00000     1.0000     .00000    
Process 8.Queue.NumberInQueue               .00000     (Insuf)    .00000     .00000     .00000    
M1.Queue.NumberInQueue                      2.8510     (Insuf)    .00000     6.0000     2.0000    
M3.Queue.NumberInQueue                      2.2333     (Insuf)    .00000     6.0000     3.0000    
M2.Queue.NumberInQueue                      2.1708     (Insuf)    .00000     6.0000     3.0000    
M4.Queue.NumberInQueue                      2.2260     (Insuf)    .00000     5.0000     2.0000    

                                             COUNTERS

Identifier                                    Count   Limit
_____________________________________________________________

FailCount                                        12  Infinite
SuccessCount                                    100  Infinite

                                             OUTPUTS

Identifier                                   Value
_____________________________________________________________

Part.NumberIn                               272.00    
Part.NumberOut                              272.00    
Machine.NumberSeized                        135.00    
Machine.ScheduledUtilization                1.0000    
InspectionResource.NumberSeized             135.00    
InspectionResource.ScheduledUtilization     .40362    
System.NumberOut                            272.00    

Beginning replication 4 of 5

                                      ARENA Simulation Results
                                          1923437477@qq.com

                                  Summary for Replication 4 of 5

Project: Unnamed Project                                             Run execution date : 5/ 6/2025
Analyst: 1923437477@qq.com                                           Model revision date: 5/ 6/2025

Replication ended at time      : 1440.0 Minutes 
Statistics were cleared at time: 100.0 Minutes (Tuesday, May 06, 2025, 01:40:00)
Statistics accumulated for time: 1340.0 Minutes
Base Time Units: Minutes

                                           TALLY VARIABLES

Identifier                                  Average   Half Width  Minimum    Maximum   Observations
___________________________________________________________________________________________________

Part.VATime                                 7.8044     (Insuf)    .00000     41.140        242    
Part.NVATime                                .00000     (Insuf)    .00000     .00000        242    
Part.WaitTime                               49.394     (Insuf)    .00000     284.16        242    
Part.TranTime                               .00000     (Insuf)    .00000     .00000        242    
Part.OtherTime                              .00000     (Insuf)    .00000     .00000        242    
Part.TotalTime                              57.199     (Insuf)    .00000     325.30        242    
Process 8.Queue.WaitingTime                 .00000     (Insuf)    .00000     .00000        137    
M1.Queue.WaitingTime                        88.392     (Insuf)    50.337     108.02         27    
M3.Queue.WaitingTime                        85.624     (Insuf)    26.968     110.07         45    
M2.Queue.WaitingTime                        89.215     (Insuf)    52.514     111.38         38    
M4.Queue.WaitingTime                        86.550     (Insuf)    45.144     107.98         27    

                                     DISCRETE-CHANGE VARIABLES

Identifier                                  Average   Half Width  Minimum    Maximum   Final Value
___________________________________________________________________________________________________

Part.WIP                                    10.366     (Insuf)    4.0000     13.000     11.000    
Machine.NumberBusy                          1.0000     (Insuf)    .00000     1.0000     1.0000    
Machine.NumberScheduled                     1.0000     (Insuf)    1.0000     1.0000     1.0000    
Machine.Utilization                         1.0000     (Insuf)    .00000     1.0000     1.0000    
InspectionResource.NumberBusy               .40896     (Insuf)    .00000     1.0000     .00000    
InspectionResource.NumberScheduled          1.0000     (Insuf)    1.0000     1.0000     1.0000    
InspectionResource.Utilization              .40896     (Insuf)    .00000     1.0000     .00000    
Process 8.Queue.NumberInQueue               .00000     (Insuf)    .00000     .00000     .00000    
M1.Queue.NumberInQueue                      1.8282     (Insuf)    .00000     4.0000     4.0000    
M3.Queue.NumberInQueue                      2.7916     (Insuf)    .00000     7.0000     1.0000    
M2.Queue.NumberInQueue                      2.6281     (Insuf)    .00000     6.0000     3.0000    
M4.Queue.NumberInQueue                      1.7094     (Insuf)    .00000     4.0000     2.0000    

                                             COUNTERS

Identifier                                    Count   Limit
_____________________________________________________________

FailCount                                        14  Infinite
SuccessCount                                     93  Infinite

                                             OUTPUTS

Identifier                                   Value
_____________________________________________________________

Part.NumberIn                               242.00    
Part.NumberOut                              242.00    
Machine.NumberSeized                        137.00    
Machine.ScheduledUtilization                1.0000    
InspectionResource.NumberSeized             137.00    
InspectionResource.ScheduledUtilization     .40896    
System.NumberOut                            242.00    

Beginning replication 5 of 5

                                      ARENA Simulation Results
                                          1923437477@qq.com

                                  Summary for Replication 5 of 5

Project: Unnamed Project                                             Run execution date : 5/ 6/2025
Analyst: 1923437477@qq.com                                           Model revision date: 5/ 6/2025

Replication ended at time      : 1440.0 Minutes 
Statistics were cleared at time: 100.0 Minutes (Tuesday, May 06, 2025, 01:40:00)
Statistics accumulated for time: 1340.0 Minutes
Base Time Units: Minutes

                                           TALLY VARIABLES

Identifier                                  Average   Half Width  Minimum    Maximum   Observations
___________________________________________________________________________________________________

Part.VATime                                 7.6881     (Insuf)    .00000     43.725        239    
Part.NVATime                                .00000     (Insuf)    .00000     .00000        239    
Part.WaitTime                               50.675     (Insuf)    .00000     279.68        239    
Part.TranTime                               .00000     (Insuf)    .00000     .00000        239    
Part.OtherTime                              .00000     (Insuf)    .00000     .00000        239    
Part.TotalTime                              58.363     (Insuf)    .00000     323.41        239    
Process 8.Queue.WaitingTime                 .00000     (Insuf)    .00000     .00000        134    
M1.Queue.WaitingTime                        91.859     (Insuf)    69.679     110.74         34    
M3.Queue.WaitingTime                        93.451     (Insuf)    60.750     110.46         39    
M2.Queue.WaitingTime                        93.777     (Insuf)    73.052     108.71         37    
M4.Queue.WaitingTime                        93.790     (Insuf)    76.298     109.39         24    

                                     DISCRETE-CHANGE VARIABLES

Identifier                                  Average   Half Width  Minimum    Maximum   Final Value
___________________________________________________________________________________________________

Part.WIP                                    10.862     (Insuf)    8.0000     13.000     11.000    
Machine.NumberBusy                          1.0000     (Insuf)    .00000     1.0000     1.0000    
Machine.NumberScheduled                     1.0000     (Insuf)    1.0000     1.0000     1.0000    
Machine.Utilization                         1.0000     (Insuf)    .00000     1.0000     1.0000    
InspectionResource.NumberBusy               .40000     (Insuf)    .00000     1.0000     .00000    
InspectionResource.NumberScheduled          1.0000     (Insuf)    1.0000     1.0000     1.0000    
InspectionResource.Utilization              .40000     (Insuf)    .00000     1.0000     .00000    
Process 8.Queue.NumberInQueue               .00000     (Insuf)    .00000     .00000     .00000    
M1.Queue.NumberInQueue                      2.3685     (Insuf)    .00000     6.0000     1.0000    
M3.Queue.NumberInQueue                      2.6794     (Insuf)    .00000     7.0000     2.0000    
M2.Queue.NumberInQueue                      2.7169     (Insuf)    .00000     6.0000     6.0000    
M4.Queue.NumberInQueue                      1.6973     (Insuf)    .00000     4.0000     1.0000    

                                             COUNTERS

Identifier                                    Count   Limit
_____________________________________________________________

FailCount                                        10  Infinite
SuccessCount                                     86  Infinite

                                             OUTPUTS

Identifier                                   Value
_____________________________________________________________

Part.NumberIn                               239.00    
Part.NumberOut                              239.00    
Machine.NumberSeized                        134.00    
Machine.ScheduledUtilization                1.0000    
InspectionResource.NumberSeized             134.00    
InspectionResource.ScheduledUtilization     .40000    
System.NumberOut                            239.00    


                                      ARENA Simulation Results
                                          1923437477@qq.com

                                  Output Summary for 5 Replications

Project: Unnamed Project                                             Run execution date : 5/ 6/2025
Analyst: 1923437477@qq.com                                           Model revision date: 5/ 6/2025


                                             OUTPUTS

Identifier                                 Average    Half-width Minimum    Maximum # Replications
___________________________________________________________________________________________________

Part.NumberIn                               253.60     17.570     239.00     272.00     5
Part.NumberOut                              253.40     17.635     239.00     272.00     5
Machine.NumberSeized                        135.60     1.6656     134.00     137.00     5
Machine.ScheduledUtilization                1.0000     .00000     1.0000     1.0000     5
InspectionResource.NumberSeized             135.60     1.6656     134.00     137.00     5
InspectionResource.ScheduledUtilization     .40496     .00435     .40000     .40896     5
System.NumberOut                            253.40     17.635     239.00     272.00     5

Simulation run time: 0.03 minutes.
Simulation run complete.
