
0.0 Minutes>
                                      ARENA Simulation Results
                                          1923437477@qq.com

                                  Summary for Replication 1 of 5

Project: Unnamed Project                                             Run execution date : 4/26/2025
Analyst: 1923437477@qq.com                                           Model revision date: 4/26/2025

Replication ended at time      : 100.0 Minutes 
Statistics were cleared at time: 10.0 Minutes (Saturday, April 26, 2025, 00:10:00)
Statistics accumulated for time: 90.0 Minutes
Base Time Units: Minutes

                                           TALLY VARIABLES

Identifier                                  Average   Half Width  Minimum    Maximum   Observations
___________________________________________________________________________________________________

Part.VATime                                 1.8507     (Insuf)    .00698     10.295         40    
Part.NVATime                                .00000     (Insuf)    .00000     .00000         40    
Part.WaitTime                               6.1212     (Insuf)    .00000     21.518         40    
Part.TranTime                               .00000     (Insuf)    .00000     .00000         40    
Part.OtherTime                              .00000     (Insuf)    .00000     .00000         40    
Part.TotalTime                              7.9720     (Insuf)    .14200     22.747         40    
M1.Queue.WaitingTime                        6.5875     (Insuf)    .00000     20.926         18    
M2.Queue.WaitingTime                        6.1789     (Insuf)    .00000     21.518         23    

                                     DISCRETE-CHANGE VARIABLES

Identifier                                  Average   Half Width  Minimum    Maximum   Final Value
___________________________________________________________________________________________________

Part.WIP                                    5.1297     (Insuf)    .00000     16.000     13.000    
Machine.NumberBusy                          .84063     (Insuf)    .00000     1.0000     1.0000    
Machine.NumberScheduled                     1.0000     (Insuf)    1.0000     1.0000     1.0000    
Machine.Utilization                         .84063     (Insuf)    .00000     1.0000     1.0000    
M1.Queue.NumberInQueue                      2.0188     (Insuf)    .00000     7.0000     6.0000    
M2.Queue.NumberInQueue                      2.2702     (Insuf)    .00000     8.0000     6.0000    

                                             OUTPUTS

Identifier                                   Value
_____________________________________________________________

Part.NumberIn                               53.000    
Part.NumberOut                              40.000    
Machine.NumberSeized                        41.000    
Machine.ScheduledUtilization                .84063    
System.NumberOut                            40.000    

Beginning replication 2 of 5

                                      ARENA Simulation Results
                                          1923437477@qq.com

                                  Summary for Replication 2 of 5

Project: Unnamed Project                                             Run execution date : 4/26/2025
Analyst: 1923437477@qq.com                                           Model revision date: 4/26/2025

Replication ended at time      : 100.0 Minutes 
Statistics were cleared at time: 10.0 Minutes (Saturday, April 26, 2025, 00:10:00)
Statistics accumulated for time: 90.0 Minutes
Base Time Units: Minutes

                                           TALLY VARIABLES

Identifier                                  Average   Half Width  Minimum    Maximum   Observations
___________________________________________________________________________________________________

Part.VATime                                 1.8362     (Insuf)    .05028     16.165         47    
Part.NVATime                                .00000     (Insuf)    .00000     .00000         47    
Part.WaitTime                               14.459     (Insuf)    .00000     28.867         47    
Part.TranTime                               .00000     (Insuf)    .00000     .00000         47    
Part.OtherTime                              .00000     (Insuf)    .00000     .00000         47    
Part.TotalTime                              16.296     (Insuf)    .22655     31.158         47    
M1.Queue.WaitingTime                        15.491     (Insuf)    .00000     28.867         23    
M2.Queue.WaitingTime                        14.567     (Insuf)    .00000     28.226         24    

                                     DISCRETE-CHANGE VARIABLES

Identifier                                  Average   Half Width  Minimum    Maximum   Final Value
___________________________________________________________________________________________________

Part.WIP                                    12.290     (Insuf)    .00000     28.000     25.000    
Machine.NumberBusy                          .95102     (Insuf)    .00000     1.0000     1.0000    
Machine.NumberScheduled                     1.0000     (Insuf)    1.0000     1.0000     1.0000    
Machine.Utilization                         .95102     (Insuf)    .00000     1.0000     1.0000    
M1.Queue.NumberInQueue                      5.5806     (Insuf)    .00000     14.000     12.000    
M2.Queue.NumberInQueue                      5.7584     (Insuf)    .00000     13.000     12.000    

                                             OUTPUTS

Identifier                                   Value
_____________________________________________________________

Part.NumberIn                               71.000    
Part.NumberOut                              47.000    
Machine.NumberSeized                        47.000    
Machine.ScheduledUtilization                .95102    
System.NumberOut                            47.000    

Beginning replication 3 of 5

                                      ARENA Simulation Results
                                          1923437477@qq.com

                                  Summary for Replication 3 of 5

Project: Unnamed Project                                             Run execution date : 4/26/2025
Analyst: 1923437477@qq.com                                           Model revision date: 4/26/2025

Replication ended at time      : 100.0 Minutes 
Statistics were cleared at time: 10.0 Minutes (Saturday, April 26, 2025, 00:10:00)
Statistics accumulated for time: 90.0 Minutes
Base Time Units: Minutes

                                           TALLY VARIABLES

Identifier                                  Average   Half Width  Minimum    Maximum   Observations
___________________________________________________________________________________________________

Part.VATime                                 1.6598     (Insuf)    .02054     5.3831         53    
Part.NVATime                                .00000     (Insuf)    .00000     .00000         53    
Part.WaitTime                               12.250     (Insuf)    4.2488     18.932         53    
Part.TranTime                               .00000     (Insuf)    .00000     .00000         53    
Part.OtherTime                              .00000     (Insuf)    .00000     .00000         53    
Part.TotalTime                              13.910     (Insuf)    6.9784     21.151         53    
M1.Queue.WaitingTime                        12.276     (Insuf)    4.2488     18.932         26    
M2.Queue.WaitingTime                        12.631     (Insuf)    6.7988     18.739         27    

                                     DISCRETE-CHANGE VARIABLES

Identifier                                  Average   Half Width  Minimum    Maximum   Final Value
___________________________________________________________________________________________________

Part.WIP                                    9.0681     (Insuf)    3.0000     15.000     10.000    
Machine.NumberBusy                          1.0000     (Insuf)    .00000     1.0000     1.0000    
Machine.NumberScheduled                     1.0000     (Insuf)    1.0000     1.0000     1.0000    
Machine.Utilization                         1.0000     (Insuf)    .00000     1.0000     1.0000    
M1.Queue.NumberInQueue                      3.9819     (Insuf)    1.0000     7.0000     5.0000    
M2.Queue.NumberInQueue                      4.0861     (Insuf)    .00000     7.0000     4.0000    

                                             OUTPUTS

Identifier                                   Value
_____________________________________________________________

Part.NumberIn                               60.000    
Part.NumberOut                              53.000    
Machine.NumberSeized                        53.000    
Machine.ScheduledUtilization                1.0000    
System.NumberOut                            53.000    

Beginning replication 4 of 5

                                      ARENA Simulation Results
                                          1923437477@qq.com

                                  Summary for Replication 4 of 5

Project: Unnamed Project                                             Run execution date : 4/26/2025
Analyst: 1923437477@qq.com                                           Model revision date: 4/26/2025

Replication ended at time      : 100.0 Minutes 
Statistics were cleared at time: 10.0 Minutes (Saturday, April 26, 2025, 00:10:00)
Statistics accumulated for time: 90.0 Minutes
Base Time Units: Minutes

                                           TALLY VARIABLES

Identifier                                  Average   Half Width  Minimum    Maximum   Observations
___________________________________________________________________________________________________

Part.VATime                                 1.8565     (Insuf)    .01940     7.0786         48    
Part.NVATime                                .00000     (Insuf)    .00000     .00000         48    
Part.WaitTime                               14.317     (Insuf)    .00000     25.731         48    
Part.TranTime                               .00000     (Insuf)    .00000     .00000         48    
Part.OtherTime                              .00000     (Insuf)    .00000     .00000         48    
Part.TotalTime                              16.174     (Insuf)    1.6649     26.777         48    
M1.Queue.WaitingTime                        14.009     (Insuf)    .00000     25.731         25    
M2.Queue.WaitingTime                        15.437     (Insuf)    2.7830     25.504         23    

                                     DISCRETE-CHANGE VARIABLES

Identifier                                  Average   Half Width  Minimum    Maximum   Final Value
___________________________________________________________________________________________________

Part.WIP                                    10.994     (Insuf)    .00000     21.000     15.000    
Machine.NumberBusy                          .99910     (Insuf)    .00000     1.0000     1.0000    
Machine.NumberScheduled                     1.0000     (Insuf)    1.0000     1.0000     1.0000    
Machine.Utilization                         .99910     (Insuf)    .00000     1.0000     1.0000    
M1.Queue.NumberInQueue                      5.0442     (Insuf)    .00000     10.000     7.0000    
M2.Queue.NumberInQueue                      4.9515     (Insuf)    .00000     10.000     7.0000    

                                             OUTPUTS

Identifier                                   Value
_____________________________________________________________

Part.NumberIn                               60.000    
Part.NumberOut                              48.000    
Machine.NumberSeized                        48.000    
Machine.ScheduledUtilization                .99910    
System.NumberOut                            48.000    

Beginning replication 5 of 5

                                      ARENA Simulation Results
                                          1923437477@qq.com

                                  Summary for Replication 5 of 5

Project: Unnamed Project                                             Run execution date : 4/26/2025
Analyst: 1923437477@qq.com                                           Model revision date: 4/26/2025

Replication ended at time      : 100.0 Minutes 
Statistics were cleared at time: 10.0 Minutes (Saturday, April 26, 2025, 00:10:00)
Statistics accumulated for time: 90.0 Minutes
Base Time Units: Minutes

                                           TALLY VARIABLES

Identifier                                  Average   Half Width  Minimum    Maximum   Observations
___________________________________________________________________________________________________

Part.VATime                                 1.8120     (Insuf)    .01460     8.5048         49    
Part.NVATime                                .00000     (Insuf)    .00000     .00000         49    
Part.WaitTime                               14.953     (Insuf)    3.1709     25.265         49    
Part.TranTime                               .00000     (Insuf)    .00000     .00000         49    
Part.OtherTime                              .00000     (Insuf)    .00000     .00000         49    
Part.TotalTime                              16.765     (Insuf)    4.1949     31.111         49    
M1.Queue.WaitingTime                        15.322     (Insuf)    3.8205     25.265         24    
M2.Queue.WaitingTime                        15.675     (Insuf)    3.1709     30.759         25    

                                     DISCRETE-CHANGE VARIABLES

Identifier                                  Average   Half Width  Minimum    Maximum   Final Value
___________________________________________________________________________________________________

Part.WIP                                    13.563     (Insuf)    3.0000     27.000     27.000    
Machine.NumberBusy                          1.0000     (Insuf)    .00000     1.0000     1.0000    
Machine.NumberScheduled                     1.0000     (Insuf)    1.0000     1.0000     1.0000    
Machine.Utilization                         1.0000     (Insuf)    .00000     1.0000     1.0000    
M1.Queue.NumberInQueue                      6.3661     (Insuf)    1.0000     13.000     13.000    
M2.Queue.NumberInQueue                      6.1969     (Insuf)    .00000     13.000     13.000    

                                             OUTPUTS

Identifier                                   Value
_____________________________________________________________

Part.NumberIn                               72.000    
Part.NumberOut                              49.000    
Machine.NumberSeized                        49.000    
Machine.ScheduledUtilization                1.0000    
System.NumberOut                            49.000    


                                      ARENA Simulation Results
                                          1923437477@qq.com

                                  Output Summary for 5 Replications

Project: Unnamed Project                                             Run execution date : 4/26/2025
Analyst: 1923437477@qq.com                                           Model revision date: 4/26/2025


                                             OUTPUTS

Identifier                                 Average    Half-width Minimum    Maximum # Replications
___________________________________________________________________________________________________

Part.NumberIn                               63.200     10.062     53.000     72.000     5
Part.NumberOut                              47.400     5.8625     40.000     53.000     5
Machine.NumberSeized                        47.600     5.3828     41.000     53.000     5
Machine.ScheduledUtilization                .95815     .08566     .84063     1.0000     5
System.NumberOut                            47.400     5.8625     40.000     53.000     5

Simulation run time: 0.03 minutes.
Simulation run complete.
